Using pre-set license
Built from '2021.1/release' branch; Version is '2021.1.0f1 (61a549675243) revision 6399305'; Using compiler version '192528614'; Build Type 'Release'
OS: 'Windows 10 Enterprise; OS build 19043.1586; Version 2009; 64bit' Language: 'en' Physical Memory: 16332 MB
BatchMode: 1, IsHumanControllingUs: 0, StartBugReporterOnCrash: 0, Is64bit: 1, IsPro: 0

 COMMAND LINE ARGUMENTS:
D:\unity\2021.1.0f1\Editor\Unity.exe
-adb2
-batchMode
-noUpm
-name
AssetImportWorker0
-projectPath
C:/Users/Pedro/Timbirichi
-logFile
Logs/AssetImportWorker0.log
-srvPort
58842
Successfully changed project path to: C:/Users/Pedro/Timbirichi
C:/Users/Pedro/Timbirichi
Using Asset Import Pipeline V2.
Refreshing native plugins compatible for Editor in 100.93 ms, found 2 plugins.
Preloading 0 native plugins for Editor in 0.00 ms.
Initialize engine version: 2021.1.0f1 (61a549675243)
[Subsystems] Discovering subsystems at path D:/unity/2021.1.0f1/Editor/Data/Resources/UnitySubsystems
[Subsystems] Discovering subsystems at path C:/Users/Pedro/Timbirichi/Assets
GfxDevice: creating device client; threaded=0; jobified=0
Direct3D:
    Version:  Direct3D 11.0 [level 11.1]
    Renderer: Radeon RX 560 Series (ID=0x67ff)
    Vendor:   ATI
    VRAM:     4074 MB
    Driver:   30.0.15019.1005
Initialize mono
Mono path[0] = 'D:/unity/2021.1.0f1/Editor/Data/Managed'
Mono path[1] = 'D:/unity/2021.1.0f1/Editor/Data/MonoBleedingEdge/lib/mono/unityjit'
Mono config path = 'D:/unity/2021.1.0f1/Editor/Data/MonoBleedingEdge/etc'
Using monoOptions --debugger-agent=transport=dt_socket,embedding=1,server=y,suspend=n,address=127.0.0.1:56188
Begin MonoManager ReloadAssembly
Registering precompiled unity dll's ...
Register platform support module: D:/unity/2021.1.0f1/Editor/Data/PlaybackEngines/WindowsStandaloneSupport/UnityEditor.WindowsStandalone.Extensions.dll
Registered in 0.001358 seconds.
Native extension for WindowsStandalone target not found
Refreshing native plugins compatible for Editor in 102.77 ms, found 2 plugins.
Preloading 0 native plugins for Editor in 0.00 ms.
Mono: successfully reloaded assembly
- Completed reload, in  3.087 seconds
Platform modules already initialized, skipping
Registering precompiled user dll's ...
Registered in 0.004325 seconds.
Begin MonoManager ReloadAssembly
Native extension for WindowsStandalone target not found
Refreshing native plugins compatible for Editor in 101.68 ms, found 2 plugins.
Preloading 0 native plugins for Editor in 0.00 ms.
Mono: successfully reloaded assembly
- Completed reload, in  1.224 seconds
Platform modules already initialized, skipping
========================================================================
Worker process is ready to serve import requests
Launched and connected shader compiler UnityShaderCompiler.exe after 0.04 seconds
Refreshing native plugins compatible for Editor in 0.62 ms, found 2 plugins.
Preloading 0 native plugins for Editor in 0.00 ms.
Unloading 3375 Unused Serialized files (Serialized files now loaded: 0)
System memory in use before: 127.7 MB.
System memory in use after: 127.8 MB.

Unloading 29 unused Assets to reduce memory usage. Loaded Objects now: 3828.
Total: 2.544700 ms (FindLiveObjects: 0.284600 ms CreateObjectMapping: 0.090200 ms MarkObjects: 2.045200 ms  DeleteObjects: 0.123700 ms)

========================================================================
Received Import Request.
  path: Assets/Scenes/Start.unity
  artifactKey: Guid(ddee06cb6417e6f4d898642fbddbf1da) Importer(815301076,1909f56bfc062723c751e8b465ee728b)
Start importing Assets/Scenes/Start.unity using Guid(ddee06cb6417e6f4d898642fbddbf1da) Importer(815301076,1909f56bfc062723c751e8b465ee728b)  -> (artifact id: '2ab2c3f0e8181ef8d39e7ca5c98167c0') in 0.017025 seconds 
========================================================================
Received Import Request.
  Time since last request: 153.174230 seconds.
  path: Assets/Scripts/PlayButton.cs
  artifactKey: Guid(43702d3f8a2c9cf4f86b7b20a2220477) Importer(815301076,1909f56bfc062723c751e8b465ee728b)
Start importing Assets/Scripts/PlayButton.cs using Guid(43702d3f8a2c9cf4f86b7b20a2220477) Importer(815301076,1909f56bfc062723c751e8b465ee728b)  -> (artifact id: 'af79589bb9ae6aeba71d5ea6bd7f103f') in 0.063707 seconds 
========================================================================
Received Import Request.
  Time since last request: 67.437315 seconds.
  path: Assets/Scripts/PlayButton.cs
  artifactKey: Guid(43702d3f8a2c9cf4f86b7b20a2220477) Importer(815301076,1909f56bfc062723c751e8b465ee728b)
Start importing Assets/Scripts/PlayButton.cs using Guid(43702d3f8a2c9cf4f86b7b20a2220477) Importer(815301076,1909f56bfc062723c751e8b465ee728b)  -> (artifact id: '7ffed89d1c0dcb29bf31e28575582133') in 0.004134 seconds 
========================================================================
Received Prepare
Registering precompiled user dll's ...
Registered in 0.004005 seconds.
Begin MonoManager ReloadAssembly
Native extension for WindowsStandalone target not found
Refreshing native plugins compatible for Editor in 0.64 ms, found 2 plugins.
Preloading 0 native plugins for Editor in 0.00 ms.
Mono: successfully reloaded assembly
- Completed reload, in  1.082 seconds
Platform modules already initialized, skipping
Refreshing native plugins compatible for Editor in 0.70 ms, found 2 plugins.
Preloading 0 native plugins for Editor in 0.00 ms.
Unloading 3370 Unused Serialized files (Serialized files now loaded: 0)
System memory in use before: 127.8 MB.
System memory in use after: 127.9 MB.

Unloading 17 unused Assets to reduce memory usage. Loaded Objects now: 3832.
Total: 2.524000 ms (FindLiveObjects: 0.298800 ms CreateObjectMapping: 0.087800 ms MarkObjects: 2.035500 ms  DeleteObjects: 0.100700 ms)

========================================================================
Received Prepare
Registering precompiled user dll's ...
Registered in 0.003961 seconds.
Begin MonoManager ReloadAssembly
Native extension for WindowsStandalone target not found
Refreshing native plugins compatible for Editor in 0.64 ms, found 2 plugins.
Preloading 0 native plugins for Editor in 0.00 ms.
Mono: successfully reloaded assembly
- Completed reload, in  1.072 seconds
Platform modules already initialized, skipping
Refreshing native plugins compatible for Editor in 0.64 ms, found 2 plugins.
Preloading 0 native plugins for Editor in 0.00 ms.
Unloading 3370 Unused Serialized files (Serialized files now loaded: 0)
System memory in use before: 127.8 MB.
System memory in use after: 127.9 MB.

Unloading 17 unused Assets to reduce memory usage. Loaded Objects now: 3836.
Total: 2.608900 ms (FindLiveObjects: 0.309800 ms CreateObjectMapping: 0.089600 ms MarkObjects: 2.103600 ms  DeleteObjects: 0.104500 ms)

========================================================================
Received Import Request.
  Time since last request: 96.840420 seconds.
  path: Assets/Scripts/PlayButton.cs
  artifactKey: Guid(43702d3f8a2c9cf4f86b7b20a2220477) Importer(815301076,1909f56bfc062723c751e8b465ee728b)
Start importing Assets/Scripts/PlayButton.cs using Guid(43702d3f8a2c9cf4f86b7b20a2220477) Importer(815301076,1909f56bfc062723c751e8b465ee728b)  -> (artifact id: '9935162628888e198003d27db1ab6a2c') in 0.006763 seconds 
========================================================================
Received Import Request.
  Time since last request: 35.857372 seconds.
  path: Assets/Scenes/Game.unity
  artifactKey: Guid(2cda990e2423bbf4892e6590ba056729) Importer(815301076,1909f56bfc062723c751e8b465ee728b)
Start importing Assets/Scenes/Game.unity using Guid(2cda990e2423bbf4892e6590ba056729) Importer(815301076,1909f56bfc062723c751e8b465ee728b)  -> (artifact id: '188ffab4c4ff3457abf64f87734202a1') in 0.013010 seconds 
========================================================================
Received Prepare
Registering precompiled user dll's ...
Registered in 0.006012 seconds.
Begin MonoManager ReloadAssembly
Native extension for WindowsStandalone target not found
Refreshing native plugins compatible for Editor in 0.83 ms, found 2 plugins.
Preloading 0 native plugins for Editor in 0.00 ms.
Mono: successfully reloaded assembly
- Completed reload, in  1.092 seconds
Platform modules already initialized, skipping
Refreshing native plugins compatible for Editor in 0.66 ms, found 2 plugins.
Preloading 0 native plugins for Editor in 0.00 ms.
Unloading 3370 Unused Serialized files (Serialized files now loaded: 0)
System memory in use before: 127.9 MB.
System memory in use after: 128.0 MB.

Unloading 17 unused Assets to reduce memory usage. Loaded Objects now: 3840.
Total: 2.514400 ms (FindLiveObjects: 0.321000 ms CreateObjectMapping: 0.087500 ms MarkObjects: 2.002600 ms  DeleteObjects: 0.102300 ms)

========================================================================
Received Prepare
Registering precompiled user dll's ...
Registered in 0.004240 seconds.
Begin MonoManager ReloadAssembly
Native extension for WindowsStandalone target not found
Refreshing native plugins compatible for Editor in 0.75 ms, found 2 plugins.
Preloading 0 native plugins for Editor in 0.00 ms.
Mono: successfully reloaded assembly
- Completed reload, in  1.091 seconds
Platform modules already initialized, skipping
Refreshing native plugins compatible for Editor in 0.66 ms, found 2 plugins.
Preloading 0 native plugins for Editor in 0.00 ms.
Unloading 3370 Unused Serialized files (Serialized files now loaded: 0)
System memory in use before: 127.8 MB.
System memory in use after: 128.0 MB.

Unloading 17 unused Assets to reduce memory usage. Loaded Objects now: 3844.
Total: 2.768100 ms (FindLiveObjects: 0.402100 ms CreateObjectMapping: 0.096000 ms MarkObjects: 2.162300 ms  DeleteObjects: 0.106600 ms)

========================================================================
Received Import Request.
  Time since last request: 397.528095 seconds.
  path: Assets/Scenes/Start.unity
  artifactKey: Guid(ddee06cb6417e6f4d898642fbddbf1da) Importer(815301076,1909f56bfc062723c751e8b465ee728b)
Start importing Assets/Scenes/Start.unity using Guid(ddee06cb6417e6f4d898642fbddbf1da) Importer(815301076,1909f56bfc062723c751e8b465ee728b)  -> (artifact id: '84a19806bc0e110af8c6e3c5ff0aa8b2') in 0.013990 seconds 
========================================================================
Received Prepare
Registering precompiled user dll's ...
Registered in 0.004083 seconds.
Begin MonoManager ReloadAssembly
Native extension for WindowsStandalone target not found
Refreshing native plugins compatible for Editor in 0.63 ms, found 2 plugins.
Preloading 0 native plugins for Editor in 0.00 ms.
Mono: successfully reloaded assembly
- Completed reload, in  1.043 seconds
Platform modules already initialized, skipping
Refreshing native plugins compatible for Editor in 0.71 ms, found 2 plugins.
Preloading 0 native plugins for Editor in 0.00 ms.
Unloading 3370 Unused Serialized files (Serialized files now loaded: 0)
System memory in use before: 127.9 MB.
System memory in use after: 128.0 MB.

Unloading 17 unused Assets to reduce memory usage. Loaded Objects now: 3848.
Total: 2.559100 ms (FindLiveObjects: 0.315400 ms CreateObjectMapping: 0.088000 ms MarkObjects: 2.048300 ms  DeleteObjects: 0.105800 ms)

========================================================================
Received Import Request.
  Time since last request: 138.434270 seconds.
  path: Assets/Scenes/End.unity
  artifactKey: Guid(070d709d6d5192849824aa33d2e6ee8c) Importer(815301076,1909f56bfc062723c751e8b465ee728b)
Start importing Assets/Scenes/End.unity using Guid(070d709d6d5192849824aa33d2e6ee8c) Importer(815301076,1909f56bfc062723c751e8b465ee728b)  -> (artifact id: '6bb27a3f8ee46b2d4f776a61bbfc853f') in 0.017603 seconds 
========================================================================
Received Prepare
Registering precompiled user dll's ...
Registered in 0.004090 seconds.
Begin MonoManager ReloadAssembly
Native extension for WindowsStandalone target not found
Refreshing native plugins compatible for Editor in 0.93 ms, found 2 plugins.
Preloading 0 native plugins for Editor in 0.00 ms.
Mono: successfully reloaded assembly
- Completed reload, in  1.067 seconds
Platform modules already initialized, skipping
Refreshing native plugins compatible for Editor in 0.71 ms, found 2 plugins.
Preloading 0 native plugins for Editor in 0.00 ms.
Unloading 3370 Unused Serialized files (Serialized files now loaded: 0)
System memory in use before: 127.9 MB.
System memory in use after: 128.0 MB.

Unloading 17 unused Assets to reduce memory usage. Loaded Objects now: 3852.
Total: 2.980600 ms (FindLiveObjects: 0.337700 ms CreateObjectMapping: 0.110100 ms MarkObjects: 2.415900 ms  DeleteObjects: 0.108600 ms)

========================================================================
Received Import Request.
  Time since last request: 177.823979 seconds.
  path: Assets/Scenes/End.unity
  artifactKey: Guid(070d709d6d5192849824aa33d2e6ee8c) Importer(815301076,1909f56bfc062723c751e8b465ee728b)
Start importing Assets/Scenes/End.unity using Guid(070d709d6d5192849824aa33d2e6ee8c) Importer(815301076,1909f56bfc062723c751e8b465ee728b)  -> (artifact id: '2e1e2691094c6fbb5d513e1f591f26a0') in 0.014086 seconds 
========================================================================
Received Import Request.
  Time since last request: 20.128634 seconds.
  path: Assets/Scenes/End.unity
  artifactKey: Guid(070d709d6d5192849824aa33d2e6ee8c) Importer(815301076,1909f56bfc062723c751e8b465ee728b)
Start importing Assets/Scenes/End.unity using Guid(070d709d6d5192849824aa33d2e6ee8c) Importer(815301076,1909f56bfc062723c751e8b465ee728b)  -> (artifact id: '4a5c5ba2487f73e44beba837c710fd25') in 0.003567 seconds 
========================================================================
Received Prepare
Registering precompiled user dll's ...
Registered in 0.004076 seconds.
Begin MonoManager ReloadAssembly
Native extension for WindowsStandalone target not found
Refreshing native plugins compatible for Editor in 0.63 ms, found 2 plugins.
Preloading 0 native plugins for Editor in 0.00 ms.
Mono: successfully reloaded assembly
- Completed reload, in  1.026 seconds
Platform modules already initialized, skipping
Refreshing native plugins compatible for Editor in 0.64 ms, found 2 plugins.
Preloading 0 native plugins for Editor in 0.00 ms.
Unloading 3370 Unused Serialized files (Serialized files now loaded: 0)
System memory in use before: 127.9 MB.
System memory in use after: 128.0 MB.

Unloading 17 unused Assets to reduce memory usage. Loaded Objects now: 3856.
Total: 2.630200 ms (FindLiveObjects: 0.270100 ms CreateObjectMapping: 0.088500 ms MarkObjects: 2.170000 ms  DeleteObjects: 0.100300 ms)

========================================================================
Received Import Request.
  Time since last request: 91.078433 seconds.
  path: Assets/Scripts/Restart.cs
  artifactKey: Guid(c8412534c81a9f44f8691e0f6e22169c) Importer(815301076,1909f56bfc062723c751e8b465ee728b)
Start importing Assets/Scripts/Restart.cs using Guid(c8412534c81a9f44f8691e0f6e22169c) Importer(815301076,1909f56bfc062723c751e8b465ee728b)  -> (artifact id: '4f044c8b3bbc2fcffe4eae5e8c3b9247') in 0.010653 seconds 
========================================================================
Received Prepare
Registering precompiled user dll's ...
Registered in 0.004651 seconds.
Begin MonoManager ReloadAssembly
Native extension for WindowsStandalone target not found
Refreshing native plugins compatible for Editor in 0.79 ms, found 2 plugins.
Preloading 0 native plugins for Editor in 0.00 ms.
Mono: successfully reloaded assembly
- Completed reload, in  1.103 seconds
Platform modules already initialized, skipping
Refreshing native plugins compatible for Editor in 0.62 ms, found 2 plugins.
Preloading 0 native plugins for Editor in 0.00 ms.
Unloading 3371 Unused Serialized files (Serialized files now loaded: 0)
System memory in use before: 127.9 MB.
System memory in use after: 128.0 MB.

Unloading 17 unused Assets to reduce memory usage. Loaded Objects now: 3861.
Total: 2.651400 ms (FindLiveObjects: 0.286800 ms CreateObjectMapping: 0.088600 ms MarkObjects: 2.167700 ms  DeleteObjects: 0.107100 ms)

========================================================================
Received Prepare
Registering precompiled user dll's ...
Registered in 0.004505 seconds.
Begin MonoManager ReloadAssembly
Native extension for WindowsStandalone target not found
Refreshing native plugins compatible for Editor in 0.67 ms, found 2 plugins.
Preloading 0 native plugins for Editor in 0.00 ms.
Mono: successfully reloaded assembly
- Completed reload, in  1.042 seconds
Platform modules already initialized, skipping
Refreshing native plugins compatible for Editor in 0.63 ms, found 2 plugins.
Preloading 0 native plugins for Editor in 0.00 ms.
Unloading 3371 Unused Serialized files (Serialized files now loaded: 0)
System memory in use before: 127.9 MB.
System memory in use after: 128.1 MB.

Unloading 17 unused Assets to reduce memory usage. Loaded Objects now: 3865.
Total: 2.531600 ms (FindLiveObjects: 0.300000 ms CreateObjectMapping: 0.090400 ms MarkObjects: 2.036800 ms  DeleteObjects: 0.102900 ms)

========================================================================
Received Import Request.
  Time since last request: 444.678542 seconds.
  path: Assets/Scripts/Restart.cs
  artifactKey: Guid(c8412534c81a9f44f8691e0f6e22169c) Importer(815301076,1909f56bfc062723c751e8b465ee728b)
Start importing Assets/Scripts/Restart.cs using Guid(c8412534c81a9f44f8691e0f6e22169c) Importer(815301076,1909f56bfc062723c751e8b465ee728b)  -> (artifact id: '795339cab9d0ae1a1bf4f7d531ecb95e') in 0.006179 seconds 
AssetImportWorkerClient::OnTransportError - code=2 error=End of file
